<?xml version="1.0" encoding="UTF-8"?>
<!-- Generated by org.testng.reporters.JUnitReportReporter -->
<testsuite skipped="0" hostname="DESKTOP-Q44GKQB" name="com.ultimateqa.courses.testsuite.LoginPageTest" tests="1" failures="0" timestamp="2022-12-13T22:49:55 AEST" time="8.087" errors="0">
  <testcase name="verifyTheErrorMessage" time="8.087" classname="com.ultimateqa.courses.testsuite.LoginPageTest"/>
  <system-out>
    <![CDATA[Click on login[[ChromeDriver: chrome on WINDOWS (cbab65b7d6f3549f404d3e31aa02dd58)] -> xpath: //a[@href='/users/sign_in']]
Enter user name[[ChromeDriver: chrome on WINDOWS (cbab65b7d6f3549f404d3e31aa02dd58)] -> id: user[email]]
Enter user name[[ChromeDriver: chrome on WINDOWS (cbab65b7d6f3549f404d3e31aa02dd58)] -> name: user[password]]
Click on login[[ChromeDriver: chrome on WINDOWS (cbab65b7d6f3549f404d3e31aa02dd58)] -> xpath: //button[contains(text(),'Sign in')]]
Get Text Message[[ChromeDriver: chrome on WINDOWS (cbab65b7d6f3549f404d3e31aa02dd58)] -> xpath: //li[contains(text(),'Invalid email or password.')]]]]>
  </system-out>
</testsuite> <!-- com.ultimateqa.courses.testsuite.LoginPageTest -->
